6.0;0.0;465355.76042857143;0.0;0;10522;0;-10522
12.0;0.328125;465355.76042857143;10.842916217422697;0;0;0;0
18.0;3.765625;432599.4995714287;98.45387288133408;0;0;0;0
24.0;11.4375;389806.17957142874;-12.057349463056156;0;7;0;-7
30.0;19.1875;384153.6590000002;-280.40461406618545;0;27;0;-27
36.0;21.609375;306082.29057142866;-239.71912951130057;0;15;0;-15
42.0;23.015625;301519.5757142858;-1508.005915506075;0;131;0;-131
48.0;31.671875;259029.0325714286;-313.8091229454021;0;9;0;-9
54.0;35.765625;284961.98500000004;-2647.9383612873808;0;126;0;-126
60.0;31.703125;286076.4444285714;-3470.1726316054783;0;65;0;-65
66.0;31.734375;314960.50357142865;-2422.3007887133936;962;84;0;878
72.0;24.875;314145.6654285715;-2159.83754077541;751;123;0;628
78.0;19.75;324359.5892857144;-817.9708176789991;684;33;0;651
84.0;18.390625;302776.70271428593;-444.9839574062571;640;11;0;629
90.0;17.421875;303593.94700000004;-276.8684219968509;580;0;0;580
96.0;20.5;288619.2784285716;-211.97122940800546;686;11;0;675
102.0;23.0625;297521.8424285715;-1135.5972377952658;697;82;0;615
108.0;25.390625;246304.40785714288;-2888.9901430560985;753;162;0;591
114.0;30.71875;252136.4927142858;-2224.2280427686455;940;80;0;860
120.0;28.953125;292278.77157142863;-1969.6554765859873;800;88;0;712
126.0;21.734375;311274.2184285716;-2342.8271234739186;729;84;0;645
132.0;14.96875;308460.6181428573;-1285.051473100113;587;48;0;539
138.0;7.875;342334.1730000001;-1013.8595514016306;473;27;0;446
144.0;5.828125;311833.9642857144;-470.0640901873812;477;6;0;471
150.0;5.15625;345946.6230000001;-316.93847774830647;460;4;0;456
156.0;6.53125;327404.3142857144;-214.1762470949252;543;28;0;515
162.0;6.078125;296061.3101428572;-1050.1397348661412;655;87;0;568
168.0;7.65625;277162.46428571426;-2873.109320007774;734;176;0;558
174.0;16.515625;269741.8147142858;-2805.696333897351;984;178;0;806
180.0;16.40625;278791.01128571434;-3142.124405277129;929;188;0;741
186.0;15.453125;321611.8602857144;-2861.009286867382;972;129;0;843
192.0;17.234375;332873.63528571435;-490.0998446559752;1112;13;0;1099
198.0;21.703125;322463.253;-6.833143857336836;1000;1;0;999
204.0;20.953125;320191.43357142876;-87.52482126641553;905;2;0;903
210.0;17.25;338195.63157142873;-193.39824514758948;804;3;0;801
216.0;17.796875;308245.93457142863;-311.9370414409641;739;22;0;717
222.0;15.078125;252007.97085714288;-1323.7743243021105;683;98;0;585
228.0;14.75;271176.5585714286;-2659.7802974625665;720;145;0;575
234.0;18.03125;244094.94000000006;-2847.142078256911;691;158;0;533
240.0;15.234375;273029.9718571429;-2652.489722214872;616;124;0;492
246.0;17.546875;316300.4617142857;-2022.5077697346642;639;92;0;547
252.0;16.6875;313944.73357142863;-1712.537352753723;585;65;0;520
258.0;20.734375;300113.54100000014;-912.9500626007793;617;23;0;594
264.0;25.1875;324538.9905714286;-350.29477011123527;710;7;0;703
270.0;25.421875;347542.98200000013;-996.7398403965635;661;31;0;630
276.0;24.125;313022.05814285716;-780.9735782887728;662;34;0;628
282.0;22.953125;297865.88628571434;-1540.3335468836594;642;99;0;543
288.0;22.078125;274794.66157142865;-2236.0363779874388;703;116;0;587
294.0;17.109375;260371.80914285718;-3090.393456843485;751;152;0;599
300.0;11.984375;265831.4084285715;-2167.4766251009933;733;88;0;645
306.0;8.96875;298766.01685714285;-1634.7013219885557;752;94;0;658
312.0;8.34375;329569.8671428573;-776.8058604015096;703;44;0;659
318.0;7.5625;345236.25257142866;-559.7859373634419;762;40;0;722
324.0;9.484375;346410.0327142859;-359.70523932768265;870;38;0;832
330.0;9.40625;314885.3987142858;27.65151327016065;945;24;0;921
336.0;10.875;315125.84300000005;-533.9658112154139;1010;70;0;940
342.0;15.6875;278637.493857143;-1724.792728212109;992;123;0;869
348.0;15.609375;275485.77300000004;-1571.938141024817;1063;104;0;959
354.0;17.265625;256014.09442857144;-3217.017545659459;919;172;0;747
360.0;14.046875;285856.00100000005;-2562.47464110532;834;117;0;717
366.0;10.15625;308476.7132857142;-1224.9100276275858;637;44;0;593
372.0;5.609375;310778.92028571444;-1141.1473880231788;487;44;0;443
378.0;6.84375;312241.2422857143;-468.76487693378294;471;6;0;465
384.0;5.953125;345305.696857143;-301.80970399487705;428;2;0;426
390.0;7.46875;345392.08885714295;-316.2110278651671;409;17;0;392
396.0;11.4375;300250.3522857144;-768.4973041682679;533;47;0;486
402.0;16.765625;274297.26428571425;-1186.9055249005469;687;75;0;612
408.0;25.25;252466.02285714285;-2279.0792533373606;869;119;0;750
414.0;35.09375;277878.59385714296;-2322.0341674205556;866;137;0;729
420.0;35.75;293623.0118571429;-3953.888603566127;767;228;0;539
426.0;35.90625;312731.6325714287;-2801.0615787234565;756;155;0;601
432.0;28.453125;315646.07242857147;-2034.1665350277035;681;80;0;601
438.0;23.875;290705.3647142858;-1502.5468319264764;717;44;0;673
444.0;21.8125;334766.94471428584;-735.9472076510865;711;25;0;686
450.0;20.0;303248.0445714288;-279.01681069942424;730;12;0;718
456.0;22.265625;294471.4505714287;28.58171471505193;871;4;0;867
462.0;21.96875;277439.21728571435;-246.26994787804142;1035;42;0;993
468.0;22.59375;274825.8375714286;-3052.999059920694;942;236;0;706
474.0;25.84375;310234.12171428575;-4089.1320529647055;933;302;0;631
480.0;24.640625;290819.93371428584;-3035.9651191844605;906;195;0;711
486.0;21.96875;301929.1502857144;-2307.678060882725;832;111;0;721
492.0;18.8125;314018.7071428572;-1650.3157457010384;814;54;0;760
498.0;18.484375;357924.9215714288;-747.2122466585861;706;40;0;666
504.0;10.15625;331055.9887142859;-668.5293545793247;589;17;0;572
510.0;6.34375;367322.82800000015;-1074.7316087754734;447;54;0;393
516.0;6.078125;331327.4271428573;-1473.4554859272757;427;100;0;327
522.0;8.984375;328904.15357142873;-1080.4153616884723;541;62;0;479
528.0;12.546875;294515.52300000004;-1614.29469742738;705;77;0;628
534.0;17.0625;290545.1301428571;-1443.5388213995466;768;59;0;709
540.0;17.078125;286496.5952857144;-2175.9272320198943;650;120;0;530
546.0;15.75;328504.7092857144;-1597.3106602846237;595;67;0;528
552.0;15.046875;309440.3234285715;-1175.2830993031093;596;32;0;564
558.0;13.09375;342151.67100000015;-761.4984852108901;633;22;0;611
564.0;15.875;306390.6810000001;-785.9868703560642;665;37;0;628
570.0;16.859375;326441.45085714303;-849.1208898691257;751;61;0;690
576.0;20.40625;336506.05414285726;-1180.6854770655045;831;59;0;772
582.0;21.015625;315147.42900000006;-1591.2173260846175;919;133;0;786
588.0;21.171875;253314.44785714286;-2675.797134751221;963;152;0;811
594.0;28.4375;276631.0737142858;-2551.3064237500075;1074;164;0;910
600.0;34.78125;286417.76314285735;-3063.1374620322604;1003;169;0;834
606.0;31.390625;306906.7128571429;-2732.252102432103;833;151;0;682
612.0;28.890625;299740.4104285714;-1795.7937389563594;747;75;0;672
618.0;23.609375;317487.4977142858;-1329.5308991008496;697;58;0;639
624.0;20.796875;298536.1232857144;-1040.4713846915693;676;45;0;631
630.0;21.484375;312531.6811428572;-628.3994768344855;716;29;0;687
636.0;23.703125;259755.04757142856;-936.3629993995128;730;49;0;681
642.0;30.609375;272448.7525714286;-1772.3619738391426;811;129;0;682
648.0;29.890625;277636.72842857137;-2878.352399156778;768;147;0;621
654.0;31.5;255702.30600000004;-2330.718508503458;902;98;0;804
660.0;26.828125;304800.15028571436;-3011.612259049318;639;192;0;447
666.0;19.6875;278849.77328571427;-2367.1662105302967;583;75;0;508
672.0;15.390625;343937.02828571445;-1279.712018520746;460;53;0;407
678.0;9.125;309266.5835714287;-561.8506207907922;398;0;0;398
684.0;7.09375;341052.85685714294;-553.2808609057975;445;12;0;433
690.0;5.578125;333900.09371428576;-526.5364377224178;413;29;0;384
696.0;8.796875;315505.9232857144;-988.0847626703326;578;48;0;530
702.0;11.703125;283112.7028571429;-973.7846360887052;801;49;0;752
708.0;15.4375;279939.3215714286;-1215.6732342086907;970;65;0;905
714.0;23.609375;295571.0330000001;-2769.718838703033;1100;128;0;972
720.0;25.578125;294216.20200000005;-2580.1780605156673;1054;141;0;913
726.0;24.1875;277258.9318571429;-2579.1098770225362;1035;148;0;887
732.0;21.359375;315947.0625714288;-727.4533751967829;972;44;0;928
738.0;15.53125;345902.3277142859;-964.194730592717;819;28;0;791
744.0;11.484375;353280.3770000001;-197.63060644184588;766;22;0;744
750.0;10.765625;318466.9814285715;-846.837238202861;639;54;0;585
756.0;11.3125;289379.2441428572;-838.0152777855692;649;55;0;594
762.0;14.015625;334512.50828571443;-1858.8058872008696;621;131;0;490
768.0;19.28125;280540.68242857145;-2465.656816806324;737;131;0;606
774.0;26.171875;255918.53142857144;-1899.4441939890094;845;112;0;733
780.0;31.640625;284201.21957142866;-2250.3806582971883;751;135;0;616
786.0;34.109375;300003.4642857144;-2931.8296779554803;646;133;0;513
792.0;32.34375;339112.09642857156;-1767.354248303891;679;89;0;590
798.0;31.5;320251.20900000015;-1342.9110941701801;666;60;0;606
804.0;28.46875;321777.45971428574;-1208.7743218949472;610;47;0;563
810.0;21.78125;306823.6128571429;-1277.9655052404269;505;47;0;458
816.0;22.6875;315753.18700000015;-588.141973641701;568;17;0;551
822.0;17.34375;299226.00742857147;-1138.7223239807936;572;57;0;515
828.0;18.46875;271712.8012857143;-1769.5573285038117;734;81;0;653
834.0;19.71875;282707.52300000004;-2419.025077589613;804;90;0;714
840.0;19.640625;260205.4517142857;-2180.2825382480514;799;103;0;696
846.0;17.421875;323728.6131428572;-1404.570805890893;795;54;0;741
852.0;18.859375;318502.34542857157;-1343.9414471702476;846;72;0;774
858.0;16.15625;326483.34971428587;-1273.4043693121057;851;75;0;776
864.0;16.46875;315640.72614285717;-443.85456261070794;958;36;0;922
870.0;16.109375;365201.7792857145;-237.76672080450226;1008;55;0;953
876.0;14.328125;347014.4620000002;-2078.5545971848187;846;138;0;708
882.0;15.40625;320973.9167142859;-1470.0056651767227;910;90;0;820
888.0;15.1875;279063.45928571426;-2111.9745813657937;905;128;0;777
894.0;17.890625;278803.95842857147;-2214.1707343771122;875;130;0;745
900.0;15.0;291215.8465714286;-2118.9862737077055;763;81;0;682
906.0;11.84375;292175.9878571429;-1444.4788934095996;615;52;0;563
912.0;8.359375;323786.2062857144;-905.9123012919154;488;30;0;458
918.0;10.3125;302618.93242857145;-451.26621860358864;510;3;0;507
924.0;11.59375;354788.7607142859;-479.9714063751162;533;10;0;523
930.0;13.984375;373271.41657142877;-758.4086010773899;567;27;0;540
936.0;20.703125;293347.2460000001;-517.4990782899549;672;44;0;628
942.0;24.328125;316483.9384285715;-2104.1364489274274;717;137;0;580
948.0;28.828125;251277.75528571432;-2207.278321361053;878;139;0;739
954.0;25.6875;228507.5702857143;-2895.368371811259;785;147;0;638
960.0;25.921875;298477.0595714287;-2500.473565990891;708;115;0;593
966.0;23.6875;308700.62100000016;-1445.4536856931518;697;51;0;646
972.0;22.875;295702.74714285723;-1501.555617038015;642;79;0;563
978.0;19.109375;320096.0482857144;-815.325239515485;629;35;0;594
984.0;19.140625;355959.2694285716;-1029.567257778428;644;51;0;593
990.0;18.640625;319482.16042857146;-727.9142955841962;713;41;0;672
996.0;20.078125;284630.3312857144;-784.6539996319625;864;64;0;800
1002.0;20.53125;282165.4741428572;-1314.9285659144516;1047;120;0;927
1008.0;29.734375;263057.2797142858;-2606.684791688778;1111;183;0;928
1014.0;30.703125;263639.1308571429;-3952.088501118851;1049;233;0;816
1020.0;28.1875;259971.56300000002;-3445.5495178969286;1003;177;0;826
1026.0;27.0;331764.23971428577;-1930.4049516679079;927;104;0;823
1032.0;19.125;363224.62285714294;-1520.2321325754165;660;80;0;580
1038.0;13.3125;326294.03957142856;-877.9056415912055;584;30;0;554
1044.0;9.828125;347385.2238571431;-605.5021107193606;465;10;0;455
1050.0;8.9375;337918.28528571443;-329.70856586116133;422;2;0;420
1056.0;9.8125;302175.1070000001;-414.8793814200617;477;15;0;462
1062.0;13.046875;303920.6882857143;-594.9285636516288;587;45;0;542
1068.0;14.421875;295128.2981428572;-2394.0293516320817;625;139;0;486
1074.0;16.6875;286531.5071428572;-2625.801779252157;708;144;0;564
1080.0;15.890625;319830.50542857155;-2015.3705554062035;752;83;0;669
1086.0;19.578125;334040.1317142859;-1077.2781201435137;754;62;0;692
1092.0;19.328125;318035.55600000016;-1772.0631135512958;638;70;0;568
1098.0;19.078125;354455.6455714287;-783.4784858429921;674;36;0;638
1104.0;14.25;315608.30071428575;-676.3487305393792;633;16;0;617
1110.0;12.984375;366008.6177142859;-239.08437910396606;612;9;0;603
1116.0;15.625;318599.18242857157;-812.6876879676711;725;50;0;675
1122.0;15.734375;294887.19057142857;-663.9749185661785;854;53;0;801
1128.0;16.15625;308459.47500000003;-1724.347721627506;894;121;0;773
1134.0;21.671875;289433.4870000001;-2404.4356655993615;1087;156;0;931
1140.0;26.296875;285174.38371428574;-2246.7635603526724;1029;141;0;888
1146.0;27.3125;354681.66500000015;-1825.7013887473731;942;96;0;846
1152.0;25.65625;315816.9717142857;-1419.61244339752;903;75;0;828
1158.0;27.921875;303392.02142857155;-1622.3001528501627;790;93;0;697
1164.0;28.0;307899.8191428572;-998.42006560351;807;45;0;762
1170.0;27.296875;299392.12100000004;-1123.9402700128267;743;55;0;688
1176.0;25.078125;273932.4694285716;-1556.2948988496792;714;86;0;628
1182.0;23.96875;266478.8661428572;-1935.7829699494177;693;89;0;604
1188.0;18.796875;288380.1542857144;-2102.15838971443;686;109;0;577
1194.0;16.265625;246017.72499999998;-2462.9356408007443;629;143;0;486
1200.0;16.828125;279243.2234285714;-2069.57677431131;681;96;0;585
1206.0;14.109375;304645.1141428572;-1568.9257648212952;559;59;0;500
1212.0;11.109375;358787.37085714296;-1277.6779591172235;441;55;0;386
1218.0;10.390625;326568.4078571429;-651.7420370999607;458;23;0;435
1224.0;8.90625;280700.94514285726;-423.42377531318925;505;7;0;498
1230.0;9.390625;354675.69728571444;-565.0706728929072;551;12;0;539
1236.0;13.46875;350823.63685714296;-804.8315628495184;638;56;0;582
1242.0;18.3125;280474.43842857145;-1286.6866939632455;881;73;0;808
1248.0;21.328125;260157.46471428574;-2226.8841630226234;989;138;0;851
1254.0;17.421875;279172.1467142857;-2668.3782595415832;1010;181;0;829
1260.0;13.5625;304303.0857142858;-2688.3328125361004;910;160;0;750
1266.0;12.125;313406.673857143;-2049.508137919707;865;143;0;722
1272.0;9.4375;322159.39242857153;-1240.859186343092;830;74;0;756
1278.0;12.375;337070.789857143;-212.9006971985218;827;18;0;809
1284.0;11.109375;304139.40971428575;-122.41770034952788;773;20;0;753
1290.0;11.03125;355026.2371428573;-378.9604856488877;632;18;0;614
1296.0;15.25;294805.7722857144;-778.5963001482305;750;53;0;697
1302.0;20.359375;300199.47285714303;-1252.0823420674424;825;101;0;724
1308.0;25.453125;267158.995;-2089.054719080974;879;109;0;770
1314.0;32.484375;300973.11671428586;-2925.8840279353317;904;180;0;724
1320.0;33.109375;284603.56828571437;-2520.1315978088533;825;163;0;662
1326.0;31.015625;296898.6610000002;-2564.7232719348976;684;108;0;576
1332.0;25.34375;329486.2055714287;-1677.385436794837;579;60;0;519
1338.0;23.234375;315435.0124285715;-1128.9380181671586;499;57;0;442
1344.0;17.78125;310537.3792857144;-1256.300493779243;428;66;0;362
1350.0;15.046875;301305.45957142854;-1136.930684242223;390;43;0;347
1356.0;18.078125;280392.33542857144;-861.3652904157061;509;24;0;485
1362.0;19.4375;285515.73000000004;-996.4414969882346;617;53;0;564
1368.0;20.0;313422.89857142855;-2726.5474444006104;667;184;0;483
1374.0;20.953125;230790.8452857142;-2939.3246337700984;835;156;0;679
1380.0;19.265625;288342.93528571434;-2952.1095322417095;793;165;0;628
1386.0;20.4375;296790.55100000015;-1887.23398553679;951;105;0;846
1392.0;18.265625;339133.4052857145;-927.8475541489315;958;33;0;925
1398.0;15.40625;329160.3111428573;-785.6779425099376;935;37;0;898
1404.0;14.53125;325512.2725714287;-388.21191072219517;961;28;0;933
1410.0;12.296875;362410.95542857156;-178.54025158239529;870;18;0;852
1416.0;10.90625;328981.5562857143;125.12203568877885;874;2;0;872
1422.0;11.8125;285910.8037142858;-278.1637473386945;916;35;0;881
1428.0;13.015625;292020.42657142866;-1762.281987259339;853;121;0;732
1434.0;14.984375;258072.579;-1914.8642266445677;874;122;0;752
1440.0;13.296875;313679.0418571429;-2259.44346411305;687;104;0;583
1446.0;10.953125;317912.6064285715;-1794.9356223139912;617;72;0;545
1452.0;11.6875;322889.253857143;-725.9650383182452;616;25;0;591
1458.0;14.828125;341818.698857143;-437.95452760957414;596;8;0;588
1464.0;14.890625;331097.8930000001;-732.9517580221291;637;18;0;619
1470.0;16.6875;327836.22171428584;-688.3472151736496;624;37;0;587
1476.0;18.46875;295546.39271428576;-771.3750104145147;650;65;0;585
1482.0;18.1875;327168.674857143;-1840.9401310413377;576;115;0;461
1488.0;20.265625;268869.278;-1872.1551112342859;713;84;0;629
1494.0;23.140625;234545.14299999992;-2113.3976878801477;826;82;0;744
1500.0;25.75;268755.3508571429;-1786.3923625502503;737;85;0;652
1506.0;25.5625;277652.0958571429;-2348.3445505378186;624;121;0;503
1512.0;19.65625;320005.5782857145;-2064.375462062948;584;92;0;492
1518.0;19.0625;328706.5160000001;-688.203389261791;637;34;0;603
1524.0;19.328125;273759.93685714283;-712.1599448763882;782;34;0;748
1530.0;20.515625;354829.6305714287;-642.7485524674412;846;56;0;790
1536.0;26.125;318383.06957142864;-846.006743227772;950;114;0;836
1542.0;30.953125;241824.8452857142;-2592.868928946671;1078;175;0;903
1548.0;32.5;277153.9774285715;-2730.9489426296786;1201;150;0;1051
1554.0;30.5625;272500.23757142865;-2772.8102141020354;1139;163;0;976
1560.0;26.015625;291808.4574285715;-2598.9127976616146;948;120;0;828
1566.0;21.34375;285372.0941428572;-1471.9663818847039;798;71;0;727
1572.0;15.671875;311459.7970000001;-830.081103066681;612;30;0;582
1578.0;11.796875;312469.834857143;-935.9487413613242;530;23;0;507
1584.0;8.109375;347123.2610000002;-576.0199735083734;445;8;0;437
1590.0;7.703125;359853.5761428573;-373.29617871699156;388;2;0;386
1596.0;8.921875;340376.77542857156;-546.3187445612275;542;37;0;505
1602.0;14.09375;268688.7165714285;-983.9299456679728;714;48;0;666
1608.0;18.8125;267856.3647142858;-1827.2371186278178;873;87;0;786
1614.0;22.59375;255362.0742857143;-2085.6934636829537;876;111;0;765
1620.0;21.15625;284683.39414285717;-2452.6649122069357;760;123;0;637
1626.0;21.40625;299099.63257142866;-1961.1203779263888;737;72;0;665
1632.0;17.25;325233.433857143;-1320.1317074110848;610;37;0;573
1638.0;12.515625;343790.2662857143;-1017.7215730297612;500;42;0;458
1644.0;8.96875;324376.20357142866;-540.5398899160791;510;3;0;507
1650.0;10.015625;331114.3405714287;-146.84854163374985;582;1;0;581
1656.0;12.09375;308951.24514285725;-68.77165661769686;669;8;0;661
1662.0;16.046875;274164.41371428577;-708.4111161779147;838;74;0;764
1668.0;21.0;249518.56814285714;-2488.6528742128867;944;181;0;763
1674.0;26.375;253229.0451428572;-3042.7494543356006;1110;170;0;940
1680.0;30.359375;259060.11885714292;-2699.7734176401864;1134;176;0;958
1686.0;33.3125;287859.5934285716;-2649.697873805708;995;134;0;861
1692.0;35.265625;298070.5982857144;-1516.3897228917922;971;86;0;885
1698.0;30.453125;350297.42185714294;-1661.4046414213954;799;88;0;711
1704.0;25.84375;312406.9851428573;-1193.7782608968555;715;60;0;655
1710.0;21.484375;323773.6628571429;-740.7262275806861;673;37;0;636
1716.0;17.015625;303266.51214285725;-1096.2760955998674;607;46;0;561
1722.0;17.65625;279816.04685714294;-1548.7653532256372;578;95;0;483
1728.0;22.140625;257252.48442857148;-1670.1002467114013;714;66;0;648
1734.0;20.609375;283106.8881428572;-2672.26544049778;663;148;0;515
1740.0;19.875;300434.82542857144;-2182.4986252250965;597;90;0;507
1746.0;16.96875;275430.64442857157;-1442.2012178915902;641;50;1;591
1752.0;16.984375;315439.44771428587;-1002.667050704069;585;34;2;551
1758.0;13.375;287784.11957142875;-954.8311364207766;560;40;2;520
1764.0;14.0;348259.8730000001;-894.2221996673034;586;44;1;542
1770.0;13.0625;328359.55528571445;-815.3923992934288;615;26;1;589
1776.0;16.140625;348301.78085714305;-431.31438069738215;741;26;12;715
1782.0;14.140625;336370.7055714286;-1492.7538505776902;739;107;12;632
1788.0;14.4375;263769.5849999999;-1362.507420485199;834;97;32;737
1794.0;14.921875;293753.0088571429;-2307.1157884530257;911;125;70;786
1800.0;13.375;254336.14542857153;-2221.593650864437;580;82;368;498
